<?xml version="1.0" encoding="UTF-8"?>
<testng-results skipped="0" failed="0" ignored="0" total="1" passed="1">
  <reporter-output>
  </reporter-output>
  <suite name="Default suite" duration-ms="44886" started-at="2020-06-27T15:32:06 ICT" finished-at="2020-06-27T15:32:51 ICT">
    <groups>
    </groups>
    <test name="Default test" duration-ms="44886" started-at="2020-06-27T15:32:06 ICT" finished-at="2020-06-27T15:32:51 ICT">
      <class name="functionalities.FileUploading">
        <test-method status="PASS" signature="test()[pri:0, instance:functionalities.FileUploading@d44fc21]" name="test" duration-ms="44836" started-at="2020-06-27T15:32:06 ICT" finished-at="2020-06-27T15:32:51 ICT">
          <reporter-output>
          </reporter-output>
        </test-method> <!-- test -->
      </class> <!-- functionalities.FileUploading -->
    </test> <!-- Default test -->
  </suite> <!-- Default suite -->
</testng-results>
